Generated at 2017-03-09 12:47:17 +1100
SystemExit: exit
C:/opscode/chefdk/embedded/lib/ruby/gems/2.3.0/gems/chef-12.17.44-universal-mingw32/lib/chef/application.rb:367:in `exit'
C:/opscode/chefdk/embedded/lib/ruby/gems/2.3.0/gems/chef-12.17.44-universal-mingw32/lib/chef/application.rb:367:in `fatal!'
C:/opscode/chefdk/embedded/lib/ruby/gems/2.3.0/gems/chef-12.17.44-universal-mingw32/lib/chef/application.rb:64:in `block in setup_signal_handlers'
C:/opscode/chefdk/embedded/lib/ruby/gems/2.3.0/gems/ohai-8.22.1/lib/ohai/dsl/plugin.rb:194:in `method_missing'
C:/opscode/chefdk/embedded/lib/ruby/gems/2.3.0/gems/ohai-8.22.1/lib/ohai/plugins/hostname.rb:196:in `block (2 levels) in <main>'
C:/opscode/chefdk/embedded/lib/ruby/gems/2.3.0/gems/ohai-8.22.1/lib/ohai/dsl/plugin/versionvii.rb:88:in `instance_eval'
C:/opscode/chefdk/embedded/lib/ruby/gems/2.3.0/gems/ohai-8.22.1/lib/ohai/dsl/plugin/versionvii.rb:88:in `run_plugin'
C:/opscode/chefdk/embedded/lib/ruby/gems/2.3.0/gems/ohai-8.22.1/lib/ohai/dsl/plugin.rb:100:in `run'
C:/opscode/chefdk/embedded/lib/ruby/gems/2.3.0/gems/ohai-8.22.1/lib/ohai/dsl/plugin.rb:184:in `safe_run'
C:/opscode/chefdk/embedded/lib/ruby/gems/2.3.0/gems/ohai-8.22.1/lib/ohai/runner.rb:84:in `run_v7_plugin'
C:/opscode/chefdk/embedded/lib/ruby/gems/2.3.0/gems/ohai-8.22.1/lib/ohai/runner.rb:43:in `run_plugin'
C:/opscode/chefdk/embedded/lib/ruby/gems/2.3.0/gems/ohai-8.22.1/lib/ohai/system.rb:98:in `block in run_plugins'
C:/opscode/chefdk/embedded/lib/ruby/gems/2.3.0/gems/ohai-8.22.1/lib/ohai/system.rb:97:in `each'
C:/opscode/chefdk/embedded/lib/ruby/gems/2.3.0/gems/ohai-8.22.1/lib/ohai/system.rb:97:in `run_plugins'
C:/opscode/chefdk/embedded/lib/ruby/gems/2.3.0/gems/ohai-8.22.1/lib/ohai/system.rb:75:in `all_plugins'
C:/opscode/chefdk/embedded/lib/ruby/gems/2.3.0/gems/chef-12.17.44-universal-mingw32/lib/chef/client.rb:561:in `run_ohai'
C:/opscode/chefdk/embedded/lib/ruby/gems/2.3.0/gems/chef-12.17.44-universal-mingw32/lib/chef/client.rb:265:in `run'
C:/opscode/chefdk/embedded/lib/ruby/gems/2.3.0/gems/chef-12.17.44-universal-mingw32/lib/chef/application.rb:276:in `run_with_graceful_exit_option'
C:/opscode/chefdk/embedded/lib/ruby/gems/2.3.0/gems/chef-12.17.44-universal-mingw32/lib/chef/application.rb:252:in `block in run_chef_client'
C:/opscode/chefdk/embedded/lib/ruby/gems/2.3.0/gems/chef-12.17.44-universal-mingw32/lib/chef/local_mode.rb:44:in `with_server_connectivity'
C:/opscode/chefdk/embedded/lib/ruby/gems/2.3.0/gems/chef-12.17.44-universal-mingw32/lib/chef/application.rb:235:in `run_chef_client'
C:/opscode/chefdk/embedded/lib/ruby/gems/2.3.0/gems/chef-12.17.44-universal-mingw32/lib/chef/application/client.rb:464:in `sleep_then_run_chef_client'
C:/opscode/chefdk/embedded/lib/ruby/gems/2.3.0/gems/chef-12.17.44-universal-mingw32/lib/chef/application/client.rb:451:in `block in interval_run_chef_client'
C:/opscode/chefdk/embedded/lib/ruby/gems/2.3.0/gems/chef-12.17.44-universal-mingw32/lib/chef/application/client.rb:450:in `loop'
C:/opscode/chefdk/embedded/lib/ruby/gems/2.3.0/gems/chef-12.17.44-universal-mingw32/lib/chef/application/client.rb:450:in `interval_run_chef_client'
C:/opscode/chefdk/embedded/lib/ruby/gems/2.3.0/gems/chef-12.17.44-universal-mingw32/lib/chef/application/client.rb:434:in `run_application'
C:/opscode/chefdk/embedded/lib/ruby/gems/2.3.0/gems/chef-12.17.44-universal-mingw32/lib/chef/application.rb:59:in `run'
C:/opscode/chefdk/embedded/lib/ruby/gems/2.3.0/gems/chef-12.17.44-universal-mingw32/bin/chef-client:26:in `<top (required)>'
C:/opscode/chefdk/bin/chef-client:69:in `load'
C:/opscode/chefdk/bin/chef-client:69:in `<main>'